SF:lib/src/catalog/catalog_bloc.dart
DA:14,2
DA:15,2
DA:16,2
DA:25,3
DA:26,1
DA:27,1
DA:33,3
DA:34,1
DA:35,2
DA:42,1
DA:43,1
DA:44,1
DA:45,2
DA:49,1
DA:54,2
DA:55,1
DA:56,4
DA:57,2
DA:59,1
LF:19
LH:19
end_of_record
SF:lib/src/catalog/item.dart
DA:9,4
DA:15,4
DA:16,2
DA:17,2
DA:18,4
DA:21,2
DA:22,1
DA:23,1
DA:24,1
DA:28,2
DA:29,8
LF:11
LH:11
end_of_record
SF:lib/src/cart/cart_bloc.dart
DA:13,2
DA:14,1
DA:15,1
DA:21,1
DA:22,1
DA:23,2
DA:29,1
DA:30,1
DA:31,2
DA:38,1
DA:39,1
DA:40,3
DA:47,1
DA:48,1
DA:49,3
DA:67,3
DA:68,2
DA:69,2
DA:70,2
DA:71,2
DA:72,2
DA:73,2
DA:74,2
DA:77,3
DA:80,1
DA:81,4
DA:82,1
DA:83,1
DA:84,1
DA:88,1
DA:89,2
DA:90,2
DA:94,1
DA:95,2
DA:96,3
DA:97,7
DA:98,1
DA:99,1
DA:100,6
DA:102,3
DA:104,3
DA:108,1
DA:109,2
DA:110,4
DA:111,3
DA:115,1
DA:116,2
DA:117,2
DA:118,2
DA:119,4
DA:120,4
DA:124,4
DA:125,1
DA:126,3
DA:130,1
DA:131,2
DA:132,4
DA:133,4
DA:134,4
DA:137,1
DA:138,3
DA:142,1
DA:143,2
DA:144,2
DA:148,1
DA:149,2
DA:150,3
DA:151,2
DA:152,1
DA:157,1
DA:158,2
DA:159,3
DA:160,2
DA:161,1
DA:165,1
DA:168,1
DA:169,3
DA:170,2
DA:171,1
DA:172,2
DA:174,1
DA:175,1
DA:176,3
DA:177,3
DA:178,3
DA:180,1
DA:186,1
DA:188,1
DA:189,1
DA:190,3
DA:191,2
DA:192,1
DA:193,1
DA:195,1
DA:196,1
DA:197,2
DA:198,2
DA:199,2
LF:98
LH:98
end_of_record
SF:lib/src/cart/models.dart
DA:13,2
DA:19,8
DA:21,1
DA:22,4
DA:31,2
DA:37,1
DA:38,4
DA:46,2
DA:51,1
DA:52,3
DA:57,2
LF:11
LH:11
end_of_record
SF:lib/src/cart/receipt.dart
DA:10,1
DA:22,1
DA:34,1
DA:50,1
DA:58,1
DA:59,1
DA:60,1
DA:61,3
DA:62,2
DA:63,1
DA:64,2
DA:65,1
DA:66,1
DA:68,1
DA:69,1
DA:70,2
DA:71,2
DA:72,2
DA:74,1
LF:19
LH:19
end_of_record
